<?xml version="1.0" encoding="UTF-8"?>
<!-- Generated by org.testng.reporters.JUnitReportReporter -->
<testsuite skipped="0" hostname="DESKTOP-K8I0AB7" name="highlevelautomation.AutomationProject" tests="9" failures="0" timestamp="28 Jun 2018 20:43:01 GMT" time="11.655" errors="0">
  <testcase name="titleTest_headerTest" time="0.177" classname="highlevelautomation.AutomationProject"/>
  <testcase name="remove" time="1.044" classname="highlevelautomation.AutomationProject"/>
  <testcase name="label_button_Check" time="0.231" classname="highlevelautomation.AutomationProject"/>
  <testcase name="rowCSVUnix_Check" time="0.152" classname="highlevelautomation.AutomationProject"/>
  <testcase name="checked_Uncheked" time="0.109" classname="highlevelautomation.AutomationProject"/>
  <testcase name="addCity" time="2.738" classname="highlevelautomation.AutomationProject"/>
  <testcase name="addCountry" time="4.942" classname="highlevelautomation.AutomationProject"/>
  <testcase name="downloadData" time="2.085" classname="highlevelautomation.AutomationProject"/>
  <testcase name="uploadFileToEclipse" time="0.177" classname="highlevelautomation.AutomationProject"/>
</testsuite> <!-- highlevelautomation.AutomationProject -->
